Configuring bzlib-conduit-0.2.1.4...
Building bzlib-conduit-0.2.1.4...
Preprocessing library bzlib-conduit-0.2.1.4...
Internal.hsc:42:5: warning: format specifies type 'uintmax_t' (aka 'unsigned long') but the argument has type 'int' [-Wformat]
    hsc_stoptype ();
    ^~~~~~~~~~~~~~~
/Users/mikifossati/.stack/snapshots/x86_64-osx/lts-7.4/8.0.1/lib/x86_64-osx-ghc-8.0.1/bindings-DSL-1.0.23-GUrVdpTUVQC2JWoov2sGwA/include/bindings.dsl.h:284:16: note: expanded from macro 'hsc_stoptype'
               bc_fielddata.array_size[i]); \
               ^~~~~~~~~~~~~~~~~~~~~~~~~~
Internal.hsc:42:5: warning: format specifies type 'uintmax_t' (aka 'unsigned long') but the argument has type 'int' [-Wformat]
    hsc_stoptype ();
    ^~~~~~~~~~~~~~~
/Users/mikifossati/.stack/snapshots/x86_64-osx/lts-7.4/8.0.1/lib/x86_64-osx-ghc-8.0.1/bindings-DSL-1.0.23-GUrVdpTUVQC2JWoov2sGwA/include/bindings.dsl.h:316:15: note: expanded from macro 'hsc_stoptype'
              bc_fielddata.array_size[i]); \
              ^~~~~~~~~~~~~~~~~~~~~~~~~~
Internal.hsc:42:5: warning: format specifies type 'uintmax_t' (aka 'unsigned long') but the argument has type 'int' [-Wformat]
    hsc_stoptype ();
    ^~~~~~~~~~~~~~~
/Users/mikifossati/.stack/snapshots/x86_64-osx/lts-7.4/8.0.1/lib/x86_64-osx-ghc-8.0.1/bindings-DSL-1.0.23-GUrVdpTUVQC2JWoov2sGwA/include/bindings.dsl.h:339:15: note: expanded from macro 'hsc_stoptype'
              bc_fielddata.array_size[i]); \
              ^~~~~~~~~~~~~~~~~~~~~~~~~~
3 warnings generated.
[1 of 2] Compiling Data.Conduit.BZlib.Internal ( .stack-work/dist/x86_64-osx/Cabal-1.24.0.0/build/Data/Conduit/BZlib/Internal.hs, .stack-work/dist/x86_64-osx/Cabal-1.24.0.0/build/Data/Conduit/BZlib/Internal.o )
[2 of 2] Compiling Data.Conduit.BZlib ( Data/Conduit/BZlib.hs, .stack-work/dist/x86_64-osx/Cabal-1.24.0.0/build/Data/Conduit/BZlib.o )
Installing library in
/Users/mikifossati/.stack/snapshots/x86_64-osx/lts-7.4/8.0.1/lib/x86_64-osx-ghc-8.0.1/bzlib-conduit-0.2.1.4-5zsOy4uQOtN78pLDXrNjWj
Registering bzlib-conduit-0.2.1.4...
