Configuring plan-b-0.2.0...
Building plan-b-0.2.0...
Preprocessing library plan-b-0.2.0...
[1 of 2] Compiling System.PlanB.Type ( System/PlanB/Type.hs, .stack-work/dist/x86_64-osx/Cabal-1.24.0.0/build/System/PlanB/Type.o )
[2 of 2] Compiling System.PlanB     ( System/PlanB.hs, .stack-work/dist/x86_64-osx/Cabal-1.24.0.0/build/System/PlanB.o )

System/PlanB.hs:216:1: warning: [-Wredundant-constraints]
    • Redundant constraint: MonadThrow m
    • In the type signature for:
           checkExistenceOfFile :: (CanHandleExisting c, MonadIO m,
                                    MonadThrow m) =>
                                   c -> Path Abs File -> Path b File -> m ()

System/PlanB.hs:235:1: warning: [-Wredundant-constraints]
    • Redundant constraint: MonadThrow m
    • In the type signature for:
           checkExistenceOfDir :: (CanHandleExisting c, MonadIO m,
                                   MonadThrow m) =>
                                  c -> Path Abs Dir -> Path b Dir -> m ()

System/PlanB.hs:280:1: warning: [-Wredundant-constraints]
    • Redundant constraint: MonadThrow m
    • In the type signature for:
           copyFile :: (MonadIO m, MonadThrow m) =>
                       Path b0 File -> Path b1 File -> m ()
Installing library in
/Users/mikifossati/.stack/snapshots/x86_64-osx/lts-7.4/8.0.1/lib/x86_64-osx-ghc-8.0.1/plan-b-0.2.0-I9w1sKUoKwa4glkaSgOwo4
Registering plan-b-0.2.0...
